2022-06-10 18:49:48 INFO: Begin Enquiry Client Info from clientid mfg
2022-06-10 18:49:48 INFO: response clientid: "mfg"
password: "28bfd0031d38c6100a0491cf5b18fa6ef861002d"
type: 2
expiry: "2029/12/31"
permission: "QUERY"
 from serverlocalhost:23334 End
2022-06-10 18:49:48 INFO: Begin Request APIKey from clientid IamWrongClient
2022-06-10 18:49:48 INFO: Response clientid: "IamWrongClient"
expiry: "1900-01-01"
 from server localhost:23334 End
2022-06-10 18:49:48 INFO: Begin Request APIKey from clientid mfg
2022-06-10 18:49:48 INFO: Response clientid: "mfg"
apikey: "c1cd3aa8-df6b-3e4f-974c-5386a1244953"
expiry: "24"
 from server localhost:23334 End
2022-06-10 18:49:48 INFO: Begin verified API Key by token c1cd3aa8-df6b-3e4f-974c-5386a1244953
2022-06-10 18:49:48 INFO: Response apikey: "c1cd3aa8-df6b-3e4f-974c-5386a1244953"
assertion: "mfg:QUERY:/mfg"
 from server localhost:23334 End
2022-06-10 18:49:48 INFO: Begin Request APIKey from clientid eng
2022-06-10 18:49:48 INFO: Response clientid: "eng"
apikey: "5f4610d9-67da-36b9-a2fd-9d66b4e0262c"
expiry: "24"
 from server localhost:23334 End
2022-06-10 18:49:48 INFO: Begin verified API Key by token 5f4610d9-67da-36b9-a2fd-9d66b4e0262c
2022-06-10 18:49:48 INFO: Response apikey: "5f4610d9-67da-36b9-a2fd-9d66b4e0262c"
assertion: "eng:QUERY:/eng"
 from server localhost:23334 End
2022-06-10 18:57:23 INFO: Begin Enquiry Client Info from clientid mfg
2022-06-10 18:57:23 INFO: response clientid: "mfg"
password: "28bfd0031d38c6100a0491cf5b18fa6ef861002d"
type: 2
expiry: "2029/12/31"
permission: "QUERY"
 from serverlocalhost:23334 End
2022-06-10 19:02:06 INFO: Begin Request APIKey from clientid mfg
2022-06-10 19:02:06 INFO: Response clientid: "mfg"
apikey: "c1cd3aa8-df6b-3e4f-974c-5386a1244953"
expiry: "24"
 from server localhost:23334 End
2022-06-10 19:02:18 INFO: Begin verified API Key by token c1cd3aa8-df6b-3e4f-974c-5386a1244953
2022-06-10 19:02:18 INFO: Response apikey: "c1cd3aa8-df6b-3e4f-974c-5386a1244953"
assertion: "mfg:QUERY:/mfg"
 from server localhost:23334 End
2022-06-10 19:06:54 INFO: Begin Enquiry Client Info from clientid mfg
2022-06-10 19:06:54 INFO: response clientid: "mfg"
password: "28bfd0031d38c6100a0491cf5b18fa6ef861002d"
type: 2
expiry: "2029/12/31"
permission: "QUERY"
 from serverlocalhost:23334 End
2022-06-10 19:06:54 INFO: Begin Request APIKey from clientid IamWrongClient
2022-06-10 19:06:54 INFO: Response clientid: "IamWrongClient"
expiry: "1900-01-01"
 from server localhost:23334 End
2022-06-10 19:06:54 INFO: Begin Request APIKey from clientid mfg
2022-06-10 19:06:54 INFO: Response clientid: "mfg"
apikey: "c1cd3aa8-df6b-3e4f-974c-5386a1244953"
expiry: "24"
 from server localhost:23334 End
2022-06-10 19:06:54 INFO: Begin verified API Key by token c1cd3aa8-df6b-3e4f-974c-5386a1244953
2022-06-10 19:06:54 INFO: Response apikey: "c1cd3aa8-df6b-3e4f-974c-5386a1244953"
assertion: "mfg:QUERY:/mfg"
 from server localhost:23334 End
2022-06-10 19:06:54 INFO: Begin Request APIKey from clientid eng
2022-06-10 19:06:54 INFO: Response clientid: "eng"
apikey: "5f4610d9-67da-36b9-a2fd-9d66b4e0262c"
expiry: "24"
 from server localhost:23334 End
2022-06-10 19:06:54 INFO: Begin verified API Key by token 5f4610d9-67da-36b9-a2fd-9d66b4e0262c
2022-06-10 19:06:54 INFO: Response apikey: "5f4610d9-67da-36b9-a2fd-9d66b4e0262c"
assertion: "eng:QUERY:/eng"
 from server localhost:23334 End
2022-06-10 19:06:54 INFO: Begin Enquiry Client Info from clientid mfg
2022-06-10 19:06:54 INFO: response clientid: "mfg"
password: "28bfd0031d38c6100a0491cf5b18fa6ef861002d"
type: 2
expiry: "2029/12/31"
permission: "QUERY"
 from serverlocalhost:23334 End
2022-06-10 19:06:54 INFO: Begin Request APIKey from clientid mfg
2022-06-10 19:06:54 INFO: Response clientid: "mfg"
apikey: "c1cd3aa8-df6b-3e4f-974c-5386a1244953"
expiry: "24"
 from server localhost:23334 End
2022-06-10 19:06:54 INFO: Begin verified API Key by token c1cd3aa8-df6b-3e4f-974c-5386a1244953
2022-06-10 19:06:54 INFO: Response apikey: "c1cd3aa8-df6b-3e4f-974c-5386a1244953"
assertion: "mfg:QUERY:/mfg"
 from server localhost:23334 End
